07/05/2024 10:32:30 PM - INFO - generate coverage for ./tests/codecipher done
07/05/2024 10:32:31 PM - ERROR - tool is not operational
07/05/2024 10:34:40 PM - INFO - generate coverage for ./tests/codecipher done
07/05/2024 10:34:42 PM - ERROR - tool is not operational
07/05/2024 11:03:16 PM - ERROR - tool is not operational
07/05/2024 11:04:41 PM - INFO - generate coverage for ./tests/codecipher done
07/05/2024 11:04:42 PM - ERROR - tool is not operational
07/05/2024 11:06:07 PM - INFO - generate coverage for ./tests/codecipher done
07/05/2024 11:06:09 PM - ERROR - tool is not operational
07/05/2024 11:09:18 PM - INFO - generate coverage for ./tests/codecipher done
07/05/2024 11:09:20 PM - ERROR - tool is not operational
07/05/2024 11:09:26 PM - INFO - generate coverage for ./tests/codecipher done
07/05/2024 11:09:27 PM - ERROR - tool is not operational
07/05/2024 11:09:28 PM - INFO - generate coverage for ats_coverage done
07/05/2024 11:10:37 PM - INFO - generate coverage for ./tests/codecipher done
07/05/2024 11:10:39 PM - ERROR - tool is not operational
07/05/2024 11:10:41 PM - INFO - generate coverage for ../ats_coverage done
07/05/2024 11:11:25 PM - INFO - generate coverage for ./tests/codecipher done
07/05/2024 11:11:26 PM - ERROR - tool is not operational
07/05/2024 11:11:32 PM - INFO - generate coverage for ./tests/codecipher done
07/05/2024 11:11:33 PM - ERROR - tool is not operational
07/05/2024 11:11:35 PM - INFO - generate coverage for ats_coverage done
07/05/2024 11:13:27 PM - INFO - generate coverage for ./tests/codecipher done
07/05/2024 11:13:28 PM - ERROR - tool is not operational
07/05/2024 11:15:31 PM - INFO - generate coverage for ./tests/codecipher done
07/05/2024 11:15:32 PM - ERROR - tool is not operational
07/05/2024 11:24:44 PM - INFO - generate coverage for ./tests/codecipher done
07/05/2024 11:24:46 PM - ERROR - tool is not operational
07/05/2024 11:24:53 PM - INFO - generate coverage for ./tests/codecipher done
07/05/2024 11:24:54 PM - ERROR - tool is not operational
07/05/2024 11:26:45 PM - INFO - generate coverage for ./tests/codecipher done
07/05/2024 11:26:47 PM - ERROR - tool is not operational
07/05/2024 11:26:54 PM - ERROR - tool is not operational
07/05/2024 11:27:32 PM - INFO - generate coverage for ./tests/ats_coverage done
07/05/2024 11:31:28 PM - INFO - generate coverage for ./pro/codecipher done
07/05/2024 11:31:29 PM - ERROR - tool is not operational
07/05/2024 11:31:36 PM - ERROR - tool is not operational
07/05/2024 11:32:12 PM - INFO - generate coverage for ./pro/codecipher done
07/05/2024 11:32:14 PM - ERROR - tool is not operational
07/06/2024 12:04:55 AM - INFO - generate coverage for ./pro/codecipher done
07/06/2024 12:04:56 AM - ERROR - tool is not operational
07/06/2024 12:19:51 AM - INFO - generate coverage for ./pro/codecipher done
07/06/2024 12:19:52 AM - ERROR - tool is not operational
